<?xml version="1.0" encoding="UTF-8"?>
<!-- Generated by org.testng.reporters.JUnitReportReporter -->
<testsuite hostname="LAPTOP-N1ASVGNK" failures="0" tests="3" name="tutorialsproject.HandleDataProviders" time="17.770" errors="0" timestamp="2024-08-07T20:35:53 IST" skipped="0">
  <testcase classname="tutorialsproject.HandleDataProviders" name="loginTest" time="5.845"/>
  <system-out/>
  <testcase classname="tutorialsproject.HandleDataProviders" name="loginTest" time="6.659"/>
  <system-out/>
  <testcase classname="tutorialsproject.HandleDataProviders" name="loginTest" time="5.266"/>
  <system-out/>
</testsuite> <!-- tutorialsproject.HandleDataProviders -->
